<?xml version="1.0" encoding="UTF-8"?>
<!-- Generated by org.testng.reporters.JUnitXMLReporter -->
<testsuite ignored="2" hostname="Nagesh" failures="0" tests="0" time="0.011" errors="0" timestamp="2025-01-16T15:32:19 EST">
  <testcase classname="rahulshettyacademy.SeleniumFrameworkDesign.ErrorValidationsTest" name="LoginErrorValidation" time="0.0">
    <ignored/>
  </testcase> <!-- LoginErrorValidation -->
  <testcase classname="rahulshettyacademy.SeleniumFrameworkDesign.ErrorValidationsTest" name="ProductErrorValidation" time="0.0">
    <ignored/>
  </testcase> <!-- ProductErrorValidation -->
</testsuite>
