<?xml version="1.0" encoding="UTF-8"?>
<testng-results ignored="0" total="0" passed="0" failed="0" skipped="0">
  <reporter-output>
  </reporter-output>
  <suite started-at="2025-01-17T16:19:33 EST" name="Suite" finished-at="2025-01-17T16:19:33 EST" duration-ms="0">
    <groups>
      <group name="ErrorHandling">
        <method signature="ErrorValidationsTest.LoginErrorValidation()[pri:0, instance:rahulshettyacademy.SeleniumFrameworkDesign.ErrorValidationsTest@46d59067]" name="LoginErrorValidation" class="rahulshettyacademy.SeleniumFrameworkDesign.ErrorValidationsTest"/>
      </group> <!-- ErrorHandling -->
      <group name="Purchase">
        <method signature="SubmitOrderTest.submitOrder(java.util.HashMap)[pri:0, instance:rahulshettyacademy.SeleniumFrameworkDesign.SubmitOrderTest@7fd50002]" name="submitOrder" class="rahulshettyacademy.SeleniumFrameworkDesign.SubmitOrderTest"/>
      </group> <!-- Purchase -->
    </groups>
  </suite> <!-- Suite -->
</testng-results>
